!SESSION 2023-09-01 12:57:59.920 -----------------------------------------------
eclipse.buildId=unknown
java.version=17.0.8.1
java.vendor=Eclipse Adoptium
BootLoader constants: OS=win32, ARCH=x86_64, WS=win32, NL=zh_TW
Command-line arguments:  -dev file:C:/Users/user/workspace/Temp/.metadata/.plugins/org.eclipse.pde.core/OSGi Framework/dev.properties -os win32 -ws win32 -arch x86_64 -consoleLog -console

!ENTRY org.eclipse.osgi 4 0 2023-09-01 12:58:04.771
!MESSAGE An error occurred while automatically activating bundle org.eclipse.debug.core (111).
!STACK 0
org.osgi.framework.BundleException: Exception in org.eclipse.debug.core.DebugPlugin.start() of bundle org.eclipse.debug.core.
	at org.eclipse.osgi.internal.framework.BundleContextImpl.startActivator(BundleContextImpl.java:839)
	at org.eclipse.osgi.internal.framework.BundleContextImpl.start(BundleContextImpl.java:767)
	at org.eclipse.osgi.internal.framework.EquinoxBundle.startWorker0(EquinoxBundle.java:1032)
	at org.eclipse.osgi.internal.framework.EquinoxBundle$EquinoxModule.startWorker(EquinoxBundle.java:371)
	at org.eclipse.osgi.container.Module.doStart(Module.java:605)
	at org.eclipse.osgi.container.Module.start(Module.java:468)
	at org.eclipse.osgi.framework.util.SecureAction.start(SecureAction.java:513)
	at org.eclipse.osgi.internal.hooks.EclipseLazyStarter.postFindLocalClass(EclipseLazyStarter.java:117)
	at org.eclipse.osgi.internal.loader.classpath.ClasspathManager.findLocalClass(ClasspathManager.java:570)
	at org.eclipse.osgi.internal.loader.ModuleClassLoader.findLocalClass(ModuleClassLoader.java:335)
	at org.eclipse.osgi.internal.loader.BundleLoader.findLocalClass(BundleLoader.java:397)
	at org.eclipse.osgi.internal.loader.sources.SingleSourcePackage.loadClass(SingleSourcePackage.java:41)
	at org.eclipse.osgi.internal.loader.BundleLoader.findClass0(BundleLoader.java:496)
	at org.eclipse.osgi.internal.loader.BundleLoader.findClass(BundleLoader.java:416)
	at org.eclipse.osgi.internal.loader.ModuleClassLoader.loadClass(ModuleClassLoader.java:168)
	at java.base/java.lang.ClassLoader.loadClass(ClassLoader.java:525)
	at org.eclipse.buildship.core.internal.CorePlugin.createGradleLaunchConfigurationManager(CorePlugin.java:206)
	at org.eclipse.buildship.core.internal.CorePlugin.registerServices(CorePlugin.java:157)
	at org.eclipse.buildship.core.internal.CorePlugin.start(CorePlugin.java:119)
	at org.eclipse.osgi.internal.framework.BundleContextImpl$2.run(BundleContextImpl.java:818)
	at org.eclipse.osgi.internal.framework.BundleContextImpl$2.run(BundleContextImpl.java:1)
	at java.base/java.security.AccessController.doPrivileged(AccessController.java:569)
	at org.eclipse.osgi.internal.framework.BundleContextImpl.startActivator(BundleContextImpl.java:810)
	at org.eclipse.osgi.internal.framework.BundleContextImpl.start(BundleContextImpl.java:767)
	at org.eclipse.osgi.internal.framework.EquinoxBundle.startWorker0(EquinoxBundle.java:1032)
	at org.eclipse.osgi.internal.framework.EquinoxBundle$EquinoxModule.startWorker(EquinoxBundle.java:371)
	at org.eclipse.osgi.container.Module.doStart(Module.java:605)
	at org.eclipse.osgi.container.Module.start(Module.java:468)
	at org.eclipse.osgi.container.ModuleContainer$ContainerStartLevel$2.run(ModuleContainer.java:1852)
	at org.eclipse.osgi.internal.framework.EquinoxContainerAdaptor$1$1.execute(EquinoxContainerAdaptor.java:136)
	at org.eclipse.osgi.container.ModuleContainer$ContainerStartLevel.incStartLevel(ModuleContainer.java:1845)
	at org.eclipse.osgi.container.ModuleContainer$ContainerStartLevel.incStartLevel(ModuleContainer.java:1788)
	at org.eclipse.osgi.container.ModuleContainer$ContainerStartLevel.doContainerStartLevel(ModuleContainer.java:1750)
	at org.eclipse.osgi.container.ModuleContainer$ContainerStartLevel.dispatchEvent(ModuleContainer.java:1672)
	at org.eclipse.osgi.container.ModuleContainer$ContainerStartLevel.dispatchEvent(ModuleContainer.java:1)
	at org.eclipse.osgi.framework.eventmgr.EventManager.dispatchEvent(EventManager.java:234)
	at org.eclipse.osgi.framework.eventmgr.EventManager$EventThread.run(EventManager.java:345)
Caused by: java.lang.IllegalStateException: Workspace is already closed or not ready yet. Consider tracking the org.eclipse.core.resources.IWorkspace service (using your favorite technique, e.g. Declarative Services, ServiceTracker, Blueprint, ...) instead of calling the static method here to prevent such issues!
	at org.eclipse.core.resources.ResourcesPlugin.getWorkspace(ResourcesPlugin.java:502)
	at org.eclipse.debug.core.DebugPlugin.start(DebugPlugin.java:731)
	at org.eclipse.osgi.internal.framework.BundleContextImpl$2.run(BundleContextImpl.java:818)
	at org.eclipse.osgi.internal.framework.BundleContextImpl$2.run(BundleContextImpl.java:1)
	at java.base/java.security.AccessController.doPrivileged(AccessController.java:569)
	at org.eclipse.osgi.internal.framework.BundleContextImpl.startActivator(BundleContextImpl.java:810)
	... 36 more
Root exception:
java.lang.IllegalStateException: Workspace is already closed or not ready yet. Consider tracking the org.eclipse.core.resources.IWorkspace service (using your favorite technique, e.g. Declarative Services, ServiceTracker, Blueprint, ...) instead of calling the static method here to prevent such issues!
	at org.eclipse.core.resources.ResourcesPlugin.getWorkspace(ResourcesPlugin.java:502)
	at org.eclipse.debug.core.DebugPlugin.start(DebugPlugin.java:731)
	at org.eclipse.osgi.internal.framework.BundleContextImpl$2.run(BundleContextImpl.java:818)
	at org.eclipse.osgi.internal.framework.BundleContextImpl$2.run(BundleContextImpl.java:1)
	at java.base/java.security.AccessController.doPrivileged(AccessController.java:569)
	at org.eclipse.osgi.internal.framework.BundleContextImpl.startActivator(BundleContextImpl.java:810)
	at org.eclipse.osgi.internal.framework.BundleContextImpl.start(BundleContextImpl.java:767)
	at org.eclipse.osgi.internal.framework.EquinoxBundle.startWorker0(EquinoxBundle.java:1032)
	at org.eclipse.osgi.internal.framework.EquinoxBundle$EquinoxModule.startWorker(EquinoxBundle.java:371)
	at org.eclipse.osgi.container.Module.doStart(Module.java:605)
	at org.eclipse.osgi.container.Module.start(Module.java:468)
	at org.eclipse.osgi.framework.util.SecureAction.start(SecureAction.java:513)
	at org.eclipse.osgi.internal.hooks.EclipseLazyStarter.postFindLocalClass(EclipseLazyStarter.java:117)
	at org.eclipse.osgi.internal.loader.classpath.ClasspathManager.findLocalClass(ClasspathManager.java:570)
	at org.eclipse.osgi.internal.loader.ModuleClassLoader.findLocalClass(ModuleClassLoader.java:335)
	at org.eclipse.osgi.internal.loader.BundleLoader.findLocalClass(BundleLoader.java:397)
	at org.eclipse.osgi.internal.loader.sources.SingleSourcePackage.loadClass(SingleSourcePackage.java:41)
	at org.eclipse.osgi.internal.loader.BundleLoader.findClass0(BundleLoader.java:496)
	at org.eclipse.osgi.internal.loader.BundleLoader.findClass(BundleLoader.java:416)
	at org.eclipse.osgi.internal.loader.ModuleClassLoader.loadClass(ModuleClassLoader.java:168)
	at java.base/java.lang.ClassLoader.loadClass(ClassLoader.java:525)
	at org.eclipse.buildship.core.internal.CorePlugin.createGradleLaunchConfigurationManager(CorePlugin.java:206)
	at org.eclipse.buildship.core.internal.CorePlugin.registerServices(CorePlugin.java:157)
	at org.eclipse.buildship.core.internal.CorePlugin.start(CorePlugin.java:119)
	at org.eclipse.osgi.internal.framework.BundleContextImpl$2.run(BundleContextImpl.java:818)
	at org.eclipse.osgi.internal.framework.BundleContextImpl$2.run(BundleContextImpl.java:1)
	at java.base/java.security.AccessController.doPrivileged(AccessController.java:569)
	at org.eclipse.osgi.internal.framework.BundleContextImpl.startActivator(BundleContextImpl.java:810)
	at org.eclipse.osgi.internal.framework.BundleContextImpl.start(BundleContextImpl.java:767)
	at org.eclipse.osgi.internal.framework.EquinoxBundle.startWorker0(EquinoxBundle.java:1032)
	at org.eclipse.osgi.internal.framework.EquinoxBundle$EquinoxModule.startWorker(EquinoxBundle.java:371)
	at org.eclipse.osgi.container.Module.doStart(Module.java:605)
	at org.eclipse.osgi.container.Module.start(Module.java:468)
	at org.eclipse.osgi.container.ModuleContainer$ContainerStartLevel$2.run(ModuleContainer.java:1852)
	at org.eclipse.osgi.internal.framework.EquinoxContainerAdaptor$1$1.execute(EquinoxContainerAdaptor.java:136)
	at org.eclipse.osgi.container.ModuleContainer$ContainerStartLevel.incStartLevel(ModuleContainer.java:1845)
	at org.eclipse.osgi.container.ModuleContainer$ContainerStartLevel.incStartLevel(ModuleContainer.java:1788)
	at org.eclipse.osgi.container.ModuleContainer$ContainerStartLevel.doContainerStartLevel(ModuleContainer.java:1750)
	at org.eclipse.osgi.container.ModuleContainer$ContainerStartLevel.dispatchEvent(ModuleContainer.java:1672)
	at org.eclipse.osgi.container.ModuleContainer$ContainerStartLevel.dispatchEvent(ModuleContainer.java:1)
	at org.eclipse.osgi.framework.eventmgr.EventManager.dispatchEvent(EventManager.java:234)
	at org.eclipse.osgi.framework.eventmgr.EventManager$EventThread.run(EventManager.java:345)

!ENTRY org.eclipse.osgi 4 0 2023-09-01 12:58:04.790
!MESSAGE An error occurred while automatically activating bundle org.eclipse.buildship.core (84).
!STACK 0
org.osgi.framework.BundleException: Exception in org.eclipse.buildship.core.internal.CorePlugin.start() of bundle org.eclipse.buildship.core.
	at org.eclipse.osgi.internal.framework.BundleContextImpl.startActivator(BundleContextImpl.java:839)
	at org.eclipse.osgi.internal.framework.BundleContextImpl.start(BundleContextImpl.java:767)
	at org.eclipse.osgi.internal.framework.EquinoxBundle.startWorker0(EquinoxBundle.java:1032)
	at org.eclipse.osgi.internal.framework.EquinoxBundle$EquinoxModule.startWorker(EquinoxBundle.java:371)
	at org.eclipse.osgi.container.Module.doStart(Module.java:605)
	at org.eclipse.osgi.container.Module.start(Module.java:468)
	at org.eclipse.osgi.framework.util.SecureAction.start(SecureAction.java:513)
	at org.eclipse.osgi.internal.hooks.EclipseLazyStarter.postFindLocalClass(EclipseLazyStarter.java:117)
	at org.eclipse.osgi.internal.loader.classpath.ClasspathManager.findLocalClass(ClasspathManager.java:570)
	at org.eclipse.osgi.internal.loader.ModuleClassLoader.findLocalClass(ModuleClassLoader.java:335)
	at org.eclipse.osgi.internal.loader.BundleLoader.findLocalClass(BundleLoader.java:397)
	at org.eclipse.osgi.internal.loader.sources.SingleSourcePackage.loadClass(SingleSourcePackage.java:41)
	at org.eclipse.osgi.internal.loader.BundleLoader.findClass0(BundleLoader.java:496)
	at org.eclipse.osgi.internal.loader.BundleLoader.findClass(BundleLoader.java:416)
	at org.eclipse.osgi.internal.loader.ModuleClassLoader.loadClass(ModuleClassLoader.java:168)
	at java.base/java.lang.ClassLoader.loadClass(ClassLoader.java:525)
	at java.base/java.lang.Class.getDeclaredConstructors0(Native Method)
	at java.base/java.lang.Class.privateGetDeclaredConstructors(Class.java:3373)
	at java.base/java.lang.Class.getConstructor0(Class.java:3578)
	at java.base/java.lang.Class.getConstructor(Class.java:2271)
	at org.eclipse.osgi.internal.framework.BundleContextImpl.loadBundleActivator(BundleContextImpl.java:801)
	at org.eclipse.osgi.internal.framework.BundleContextImpl.start(BundleContextImpl.java:753)
	at org.eclipse.osgi.internal.framework.EquinoxBundle.startWorker0(EquinoxBundle.java:1032)
	at org.eclipse.osgi.internal.framework.EquinoxBundle$EquinoxModule.startWorker(EquinoxBundle.java:371)
	at org.eclipse.osgi.container.Module.doStart(Module.java:605)
	at org.eclipse.osgi.container.Module.start(Module.java:468)
	at org.eclipse.osgi.container.ModuleContainer$ContainerStartLevel$2.run(ModuleContainer.java:1852)
	at org.eclipse.osgi.internal.framework.EquinoxContainerAdaptor$1$1.execute(EquinoxContainerAdaptor.java:136)
	at org.eclipse.osgi.container.ModuleContainer$ContainerStartLevel.incStartLevel(ModuleContainer.java:1845)
	at org.eclipse.osgi.container.ModuleContainer$ContainerStartLevel.incStartLevel(ModuleContainer.java:1788)
	at org.eclipse.osgi.container.ModuleContainer$ContainerStartLevel.doContainerStartLevel(ModuleContainer.java:1750)
	at org.eclipse.osgi.container.ModuleContainer$ContainerStartLevel.dispatchEvent(ModuleContainer.java:1672)
	at org.eclipse.osgi.container.ModuleContainer$ContainerStartLevel.dispatchEvent(ModuleContainer.java:1)
	at org.eclipse.osgi.framework.eventmgr.EventManager.dispatchEvent(EventManager.java:234)
	at org.eclipse.osgi.framework.eventmgr.EventManager$EventThread.run(EventManager.java:345)
Caused by: java.lang.NoClassDefFoundError: org/eclipse/debug/core/ILaunchConfiguration
	at org.eclipse.buildship.core.internal.CorePlugin.createGradleLaunchConfigurationManager(CorePlugin.java:206)
	at org.eclipse.buildship.core.internal.CorePlugin.registerServices(CorePlugin.java:157)
	at org.eclipse.buildship.core.internal.CorePlugin.start(CorePlugin.java:119)
	at org.eclipse.osgi.internal.framework.BundleContextImpl$2.run(BundleContextImpl.java:818)
	at org.eclipse.osgi.internal.framework.BundleContextImpl$2.run(BundleContextImpl.java:1)
	at java.base/java.security.AccessController.doPrivileged(AccessController.java:569)
	at org.eclipse.osgi.internal.framework.BundleContextImpl.startActivator(BundleContextImpl.java:810)
	... 34 more
Caused by: java.lang.ClassNotFoundException: An error occurred while automatically activating bundle org.eclipse.debug.core (111).
	at org.eclipse.osgi.internal.hooks.EclipseLazyStarter.postFindLocalClass(EclipseLazyStarter.java:126)
	at org.eclipse.osgi.internal.loader.classpath.ClasspathManager.findLocalClass(ClasspathManager.java:570)
	at org.eclipse.osgi.internal.loader.ModuleClassLoader.findLocalClass(ModuleClassLoader.java:335)
	at org.eclipse.osgi.internal.loader.BundleLoader.findLocalClass(BundleLoader.java:397)
	at org.eclipse.osgi.internal.loader.sources.SingleSourcePackage.loadClass(SingleSourcePackage.java:41)
	at org.eclipse.osgi.internal.loader.BundleLoader.findClass0(BundleLoader.java:496)
	at org.eclipse.osgi.internal.loader.BundleLoader.findClass(BundleLoader.java:416)
	at org.eclipse.osgi.internal.loader.ModuleClassLoader.loadClass(ModuleClassLoader.java:168)
	at java.base/java.lang.ClassLoader.loadClass(ClassLoader.java:525)
	at org.eclipse.buildship.core.internal.CorePlugin.createGradleLaunchConfigurationManager(CorePlugin.java:206)
	at org.eclipse.buildship.core.internal.CorePlugin.registerServices(CorePlugin.java:157)
	at org.eclipse.buildship.core.internal.CorePlugin.start(CorePlugin.java:119)
	at org.eclipse.osgi.internal.framework.BundleContextImpl$2.run(BundleContextImpl.java:818)
	at org.eclipse.osgi.internal.framework.BundleContextImpl$2.run(BundleContextImpl.java:1)
	at java.base/java.security.AccessController.doPrivileged(AccessController.java:569)
	at org.eclipse.osgi.internal.framework.BundleContextImpl.startActivator(BundleContextImpl.java:810)
	at org.eclipse.osgi.internal.framework.BundleContextImpl.start(BundleContextImpl.java:767)
	... 13 more
Caused by: org.osgi.framework.BundleException: Exception in org.eclipse.debug.core.DebugPlugin.start() of bundle org.eclipse.debug.core.
	at org.eclipse.osgi.internal.framework.BundleContextImpl.startActivator(BundleContextImpl.java:839)
	at org.eclipse.osgi.internal.framework.BundleContextImpl.start(BundleContextImpl.java:767)
	at org.eclipse.osgi.internal.framework.EquinoxBundle.startWorker0(EquinoxBundle.java:1032)
	at org.eclipse.osgi.internal.framework.EquinoxBundle$EquinoxModule.startWorker(EquinoxBundle.java:371)
	at org.eclipse.osgi.container.Module.doStart(Module.java:605)
	at org.eclipse.osgi.container.Module.start(Module.java:468)
	at org.eclipse.osgi.framework.util.SecureAction.start(SecureAction.java:513)
	at org.eclipse.osgi.internal.hooks.EclipseLazyStarter.postFindLocalClass(EclipseLazyStarter.java:117)
	... 29 more
Caused by: java.lang.IllegalStateException: Workspace is already closed or not ready yet. Consider tracking the org.eclipse.core.resources.IWorkspace service (using your favorite technique, e.g. Declarative Services, ServiceTracker, Blueprint, ...) instead of calling the static method here to prevent such issues!
	at org.eclipse.core.resources.ResourcesPlugin.getWorkspace(ResourcesPlugin.java:502)
	at org.eclipse.debug.core.DebugPlugin.start(DebugPlugin.java:731)
	at org.eclipse.osgi.internal.framework.BundleContextImpl$2.run(BundleContextImpl.java:818)
	at org.eclipse.osgi.internal.framework.BundleContextImpl$2.run(BundleContextImpl.java:1)
	at java.base/java.security.AccessController.doPrivileged(AccessController.java:569)
	at org.eclipse.osgi.internal.framework.BundleContextImpl.startActivator(BundleContextImpl.java:810)
	... 36 more
Root exception:
java.lang.NoClassDefFoundError: org/eclipse/debug/core/ILaunchConfiguration
	at org.eclipse.buildship.core.internal.CorePlugin.createGradleLaunchConfigurationManager(CorePlugin.java:206)
	at org.eclipse.buildship.core.internal.CorePlugin.registerServices(CorePlugin.java:157)
	at org.eclipse.buildship.core.internal.CorePlugin.start(CorePlugin.java:119)
	at org.eclipse.osgi.internal.framework.BundleContextImpl$2.run(BundleContextImpl.java:818)
	at org.eclipse.osgi.internal.framework.BundleContextImpl$2.run(BundleContextImpl.java:1)
	at java.base/java.security.AccessController.doPrivileged(AccessController.java:569)
	at org.eclipse.osgi.internal.framework.BundleContextImpl.startActivator(BundleContextImpl.java:810)
	at org.eclipse.osgi.internal.framework.BundleContextImpl.start(BundleContextImpl.java:767)
	at org.eclipse.osgi.internal.framework.EquinoxBundle.startWorker0(EquinoxBundle.java:1032)
	at org.eclipse.osgi.internal.framework.EquinoxBundle$EquinoxModule.startWorker(EquinoxBundle.java:371)
	at org.eclipse.osgi.container.Module.doStart(Module.java:605)
	at org.eclipse.osgi.container.Module.start(Module.java:468)
	at org.eclipse.osgi.framework.util.SecureAction.start(SecureAction.java:513)
	at org.eclipse.osgi.internal.hooks.EclipseLazyStarter.postFindLocalClass(EclipseLazyStarter.java:117)
	at org.eclipse.osgi.internal.loader.classpath.ClasspathManager.findLocalClass(ClasspathManager.java:570)
	at org.eclipse.osgi.internal.loader.ModuleClassLoader.findLocalClass(ModuleClassLoader.java:335)
	at org.eclipse.osgi.internal.loader.BundleLoader.findLocalClass(BundleLoader.java:397)
	at org.eclipse.osgi.internal.loader.sources.SingleSourcePackage.loadClass(SingleSourcePackage.java:41)
	at org.eclipse.osgi.internal.loader.BundleLoader.findClass0(BundleLoader.java:496)
	at org.eclipse.osgi.internal.loader.BundleLoader.findClass(BundleLoader.java:416)
	at org.eclipse.osgi.internal.loader.ModuleClassLoader.loadClass(ModuleClassLoader.java:168)
	at java.base/java.lang.ClassLoader.loadClass(ClassLoader.java:525)
	at java.base/java.lang.Class.getDeclaredConstructors0(Native Method)
	at java.base/java.lang.Class.privateGetDeclaredConstructors(Class.java:3373)
	at java.base/java.lang.Class.getConstructor0(Class.java:3578)
	at java.base/java.lang.Class.getConstructor(Class.java:2271)
	at org.eclipse.osgi.internal.framework.BundleContextImpl.loadBundleActivator(BundleContextImpl.java:801)
	at org.eclipse.osgi.internal.framework.BundleContextImpl.start(BundleContextImpl.java:753)
	at org.eclipse.osgi.internal.framework.EquinoxBundle.startWorker0(EquinoxBundle.java:1032)
	at org.eclipse.osgi.internal.framework.EquinoxBundle$EquinoxModule.startWorker(EquinoxBundle.java:371)
	at org.eclipse.osgi.container.Module.doStart(Module.java:605)
	at org.eclipse.osgi.container.Module.start(Module.java:468)
	at org.eclipse.osgi.container.ModuleContainer$ContainerStartLevel$2.run(ModuleContainer.java:1852)
	at org.eclipse.osgi.internal.framework.EquinoxContainerAdaptor$1$1.execute(EquinoxContainerAdaptor.java:136)
	at org.eclipse.osgi.container.ModuleContainer$ContainerStartLevel.incStartLevel(ModuleContainer.java:1845)
	at org.eclipse.osgi.container.ModuleContainer$ContainerStartLevel.incStartLevel(ModuleContainer.java:1788)
	at org.eclipse.osgi.container.ModuleContainer$ContainerStartLevel.doContainerStartLevel(ModuleContainer.java:1750)
	at org.eclipse.osgi.container.ModuleContainer$ContainerStartLevel.dispatchEvent(ModuleContainer.java:1672)
	at org.eclipse.osgi.container.ModuleContainer$ContainerStartLevel.dispatchEvent(ModuleContainer.java:1)
	at org.eclipse.osgi.framework.eventmgr.EventManager.dispatchEvent(EventManager.java:234)
	at org.eclipse.osgi.framework.eventmgr.EventManager$EventThread.run(EventManager.java:345)
Caused by: java.lang.ClassNotFoundException: An error occurred while automatically activating bundle org.eclipse.debug.core (111).
	at org.eclipse.osgi.internal.hooks.EclipseLazyStarter.postFindLocalClass(EclipseLazyStarter.java:126)
	at org.eclipse.osgi.internal.loader.classpath.ClasspathManager.findLocalClass(ClasspathManager.java:570)
	at org.eclipse.osgi.internal.loader.ModuleClassLoader.findLocalClass(ModuleClassLoader.java:335)
	at org.eclipse.osgi.internal.loader.BundleLoader.findLocalClass(BundleLoader.java:397)
	at org.eclipse.osgi.internal.loader.sources.SingleSourcePackage.loadClass(SingleSourcePackage.java:41)
	at org.eclipse.osgi.internal.loader.BundleLoader.findClass0(BundleLoader.java:496)
	at org.eclipse.osgi.internal.loader.BundleLoader.findClass(BundleLoader.java:416)
	at org.eclipse.osgi.internal.loader.ModuleClassLoader.loadClass(ModuleClassLoader.java:168)
	at java.base/java.lang.ClassLoader.loadClass(ClassLoader.java:525)
	at org.eclipse.buildship.core.internal.CorePlugin.createGradleLaunchConfigurationManager(CorePlugin.java:206)
	at org.eclipse.buildship.core.internal.CorePlugin.registerServices(CorePlugin.java:157)
	at org.eclipse.buildship.core.internal.CorePlugin.start(CorePlugin.java:119)
	at org.eclipse.osgi.internal.framework.BundleContextImpl$2.run(BundleContextImpl.java:818)
	at org.eclipse.osgi.internal.framework.BundleContextImpl$2.run(BundleContextImpl.java:1)
	at java.base/java.security.AccessController.doPrivileged(AccessController.java:569)
	at org.eclipse.osgi.internal.framework.BundleContextImpl.startActivator(BundleContextImpl.java:810)
	at org.eclipse.osgi.internal.framework.BundleContextImpl.start(BundleContextImpl.java:767)
	... 13 more
Caused by: org.osgi.framework.BundleException: Exception in org.eclipse.debug.core.DebugPlugin.start() of bundle org.eclipse.debug.core.
	at org.eclipse.osgi.internal.framework.BundleContextImpl.startActivator(BundleContextImpl.java:839)
	at org.eclipse.osgi.internal.framework.BundleContextImpl.start(BundleContextImpl.java:767)
	at org.eclipse.osgi.internal.framework.EquinoxBundle.startWorker0(EquinoxBundle.java:1032)
	at org.eclipse.osgi.internal.framework.EquinoxBundle$EquinoxModule.startWorker(EquinoxBundle.java:371)
	at org.eclipse.osgi.container.Module.doStart(Module.java:605)
	at org.eclipse.osgi.container.Module.start(Module.java:468)
	at org.eclipse.osgi.framework.util.SecureAction.start(SecureAction.java:513)
	at org.eclipse.osgi.internal.hooks.EclipseLazyStarter.postFindLocalClass(EclipseLazyStarter.java:117)
	... 29 more
Caused by: java.lang.IllegalStateException: Workspace is already closed or not ready yet. Consider tracking the org.eclipse.core.resources.IWorkspace service (using your favorite technique, e.g. Declarative Services, ServiceTracker, Blueprint, ...) instead of calling the static method here to prevent such issues!
	at org.eclipse.core.resources.ResourcesPlugin.getWorkspace(ResourcesPlugin.java:502)
	at org.eclipse.debug.core.DebugPlugin.start(DebugPlugin.java:731)
	at org.eclipse.osgi.internal.framework.BundleContextImpl$2.run(BundleContextImpl.java:818)
	at org.eclipse.osgi.internal.framework.BundleContextImpl$2.run(BundleContextImpl.java:1)
	at java.base/java.security.AccessController.doPrivileged(AccessController.java:569)
	at org.eclipse.osgi.internal.framework.BundleContextImpl.startActivator(BundleContextImpl.java:810)
	... 36 more
